{"name": "test_multipy[-1-param cant null]", "status": "failed", "statusDetails": {"message": "AssertionError: assert '' == 'param cant null'\n  - param cant null", "trace": "self = <case.test_calculator.TestCaculator object at 0x7f8830ae3820>, a = '', b = 1, exc_data = 'param cant null'\n\n    @pytest.mark.run(order=3)\n    @pytest.mark.parametrize('a,b,exc_data',get_case_data()[2])\n    def test_multipy(self,a,b,exc_data):\n        print(\"乘法\")\n>       assert self.cal.multipy(a, b) == exc_data\nE       AssertionError: assert '' == 'param cant null'\nE         - param cant null\n\ncase/test_calculator.py:25: AssertionError"}, "attachments": [{"name": "stdout", "source": "d07d43cc-a3b0-4024-b9c7-47f3e26454a0-attachment.txt", "type": "text/plain"}], "parameters": [{"name": "a", "value": "''"}, {"name": "b", "value": "1"}, {"name": "exc_data", "value": "'param cant null'"}], "start": 1610180854731, "stop": 1610180854731, "uuid": "b6139993-e61d-4d69-b48c-b4398b844cb3", "historyId": "1b29f92077edae92066d3786251c4cf8", "testCaseId": "9ffdd1de683fbbd8b25b6e4b24498560", "fullName": "case.test_calculator.TestCaculator#test_multipy", "labels": [{"name": "feature", "value": "测试计算类"}, {"name": "tag", "value": "run(order=3)"}, {"name": "parentSuite", "value": "case"}, {"name": "suite", "value": "test_calculator"}, {"name": "subSuite", "value": "TestCaculator"}, {"name": "host", "value": "alice-xiaodeMacBook-Pro.local"}, {"name": "thread", "value": "2460-MainThread"}, {"name": "framework", "value": "pytest"}, {"name": "language", "value": "cpython3"}, {"name": "package", "value": "case.test_calculator"}]}