{"name": "test_multipy[-1-param cant null]", "status": "failed", "statusDetails": {"message": "AssertionError: assert '' == 'param cant null'\n  - param cant null", "trace": "self = <case.test_calculator.TestCaculator object at 0x7fafa8036520>, a = '', b = 1, exc_data = 'param cant null'\n\n    @pytest.mark.run(order=3)\n    @pytest.mark.parametrize('a,b,exc_data',get_case_data()[2])\n    def test_multipy(self,a,b,exc_data):\n        print(\"乘法\")\n>       assert self.cal.multipy(a, b) == exc_data\nE       AssertionError: assert '' == 'param cant null'\nE         - param cant null\n\ncase/test_calculator.py:24: AssertionError"}, "attachments": [{"name": "stdout", "source": "a1419f1f-e4df-4a8e-9468-1bf1abdaad2c-attachment.txt", "type": "text/plain"}], "parameters": [{"name": "a", "value": "''"}, {"name": "b", "value": "1"}, {"name": "exc_data", "value": "'param cant null'"}], "start": 1610180704442, "stop": 1610180704442, "uuid": "a7f1e19e-1a26-4a09-bae6-5cf03caadb5a", "historyId": "1b29f92077edae92066d3786251c4cf8", "testCaseId": "9ffdd1de683fbbd8b25b6e4b24498560", "fullName": "case.test_calculator.TestCaculator#test_multipy", "labels": [{"name": "tag", "value": "run(order=3)"}, {"name": "parentSuite", "value": "case"}, {"name": "suite", "value": "test_calculator"}, {"name": "subSuite", "value": "TestCaculator"}, {"name": "host", "value": "alice-xiaodeMacBook-Pro.local"}, {"name": "thread", "value": "2408-MainThread"}, {"name": "framework", "value": "pytest"}, {"name": "language", "value": "cpython3"}, {"name": "package", "value": "case.test_calculator"}]}