{"name": "test_add[--param cant null]", "status": "failed", "statusDetails": {"message": "AssertionError: assert '' == 'param cant null'\n  - param cant null", "trace": "self = <case.test_calculator.TestCaculator object at 0x7fafb8055eb0>, a = '', b = '', exc_data = 'param cant null'\n\n    @pytest.mark.run(order=1)\n    @pytest.mark.usefixtures(\"cal_begin_end\")\n    @pytest.mark.parametrize('a,b,exc_data',get_case_data()[0])\n    def test_add(self,a,b,exc_data):\n        print(\"加法\")\n>       assert self.cal.add(a,b)==exc_data\nE       AssertionError: assert '' == 'param cant null'\nE         - param cant null\n\ncase/test_calculator.py:37: AssertionError"}, "attachments": [{"name": "stdout", "source": "6b896dcc-33f6-4a4b-8e42-5e721dd54f94-attachment.txt", "type": "text/plain"}], "parameters": [{"name": "a", "value": "''"}, {"name": "b", "value": "''"}, {"name": "exc_data", "value": "'param cant null'"}], "start": 1610180704383, "stop": 1610180704384, "uuid": "a436e20d-ec3e-4e25-abd4-ab5ffa9ec138", "historyId": "7b3f9c38c998b7c866de688275c0f06c", "testCaseId": "58b617e26faaf84326dd3d08e86e9795", "fullName": "case.test_calculator.TestCaculator#test_add", "labels": [{"name": "tag", "value": "@pytest.mark.usefixtures('cal_begin_end')"}, {"name": "tag", "value": "run(order=1)"}, {"name": "parentSuite", "value": "case"}, {"name": "suite", "value": "test_calculator"}, {"name": "subSuite", "value": "TestCaculator"}, {"name": "host", "value": "alice-xiaodeMacBook-Pro.local"}, {"name": "thread", "value": "2408-MainThread"}, {"name": "framework", "value": "pytest"}, {"name": "language", "value": "cpython3"}, {"name": "package", "value": "case.test_calculator"}]}