{"name": "test_add[None-None-param cant None]", "status": "failed", "statusDetails": {"message": "AssertionError: assert 'NoneNone' == 'param cant None'\n  - param cant None\n  + NoneNone", "trace": "self = <case.test_calculator.TestCaculator object at 0x7f8830aae940>, a = 'None', b = 'None', exc_data = 'param cant None'\n\n    @pytest.mark.run(order=1)\n    @pytest.mark.usefixtures(\"cal_begin_end\")\n    @pytest.mark.parametrize('a,b,exc_data',get_case_data()[0])\n    def test_add(self,a,b,exc_data):\n        print(\"加法\")\n>       assert self.cal.add(a,b)==exc_data\nE       AssertionError: assert 'NoneNone' == 'param cant None'\nE         - param cant None\nE         + NoneNone\n\ncase/test_calculator.py:38: AssertionError"}, "attachments": [{"name": "stdout", "source": "43980e98-2b37-4233-8155-128c3b6549ac-attachment.txt", "type": "text/plain"}], "parameters": [{"name": "a", "value": "'None'"}, {"name": "b", "value": "'None'"}, {"name": "exc_data", "value": "'param cant None'"}], "start": 1610180854696, "stop": 1610180854697, "uuid": "85e00d19-9c8c-4275-823b-38853e39644c", "historyId": "2470f712fa017db219a886ba68714a9b", "testCaseId": "58b617e26faaf84326dd3d08e86e9795", "fullName": "case.test_calculator.TestCaculator#test_add", "labels": [{"name": "feature", "value": "测试计算类"}, {"name": "tag", "value": "run(order=1)"}, {"name": "tag", "value": "@pytest.mark.usefixtures('cal_begin_end')"}, {"name": "parentSuite", "value": "case"}, {"name": "suite", "value": "test_calculator"}, {"name": "subSuite", "value": "TestCaculator"}, {"name": "host", "value": "alice-xiaodeMacBook-Pro.local"}, {"name": "thread", "value": "2460-MainThread"}, {"name": "framework", "value": "pytest"}, {"name": "language", "value": "cpython3"}, {"name": "package", "value": "case.test_calculator"}]}