{"name": "test_add[--param cant null]", "status": "failed", "statusDetails": {"message": "AssertionError: assert '' == 'param cant null'\n  - param cant null", "trace": "self = <case.test_calculator.TestCaculator object at 0x7f8830a823a0>, a = '', b = '', exc_data = 'param cant null'\n\n    @pytest.mark.run(order=1)\n    @pytest.mark.usefixtures(\"cal_begin_end\")\n    @pytest.mark.parametrize('a,b,exc_data',get_case_data()[0])\n    def test_add(self,a,b,exc_data):\n        print(\"加法\")\n>       assert self.cal.add(a,b)==exc_data\nE       AssertionError: assert '' == 'param cant null'\nE         - param cant null\n\ncase/test_calculator.py:38: AssertionError"}, "attachments": [{"name": "stdout", "source": "db006a98-7098-4b53-a17b-de9a2009e14b-attachment.txt", "type": "text/plain"}], "parameters": [{"name": "a", "value": "''"}, {"name": "b", "value": "''"}, {"name": "exc_data", "value": "'param cant null'"}], "start": 1610180854668, "stop": 1610180854669, "uuid": "d26982b2-4d20-4f51-adba-35373031b7cd", "historyId": "7b3f9c38c998b7c866de688275c0f06c", "testCaseId": "58b617e26faaf84326dd3d08e86e9795", "fullName": "case.test_calculator.TestCaculator#test_add", "labels": [{"name": "feature", "value": "测试计算类"}, {"name": "tag", "value": "run(order=1)"}, {"name": "tag", "value": "@pytest.mark.usefixtures('cal_begin_end')"}, {"name": "parentSuite", "value": "case"}, {"name": "suite", "value": "test_calculator"}, {"name": "subSuite", "value": "TestCaculator"}, {"name": "host", "value": "alice-xiaodeMacBook-Pro.local"}, {"name": "thread", "value": "2460-MainThread"}, {"name": "framework", "value": "pytest"}, {"name": "language", "value": "cpython3"}, {"name": "package", "value": "case.test_calculator"}]}